Tue Dec 26 11:01:27 2023: Hive (C:\Users\kesha\OneDrive\Desktop\Contemporaneous Notes files\Config extracted\14124-default.sav) is not dirty.

Tue Dec 26 11:01:27 2023: Log opened.
Tue Dec 26 11:01:27 2023: File: C:\Users\kesha\OneDrive\Desktop\Contemporaneous Notes files\Config extracted\14124-default.sav
Tue Dec 26 11:01:27 2023: Environment set up.
Tue Dec 26 11:01:27 2023: Launching adobe v.20200522
Tue Dec 26 11:01:27 2023: Launching allowedenum v.20200511
Tue Dec 26 11:01:27 2023: Launching appassoc v.20200515
Tue Dec 26 11:01:27 2023: Launching appcompatflags v.20200525
Tue Dec 26 11:01:27 2023: Launching appkeys v.20200517
Tue Dec 26 11:01:27 2023: Launching applets v.20200525
Tue Dec 26 11:01:27 2023: Launching apppaths v.20200511
Tue Dec 26 11:01:27 2023: Launching appspecific v.20200515
Tue Dec 26 11:01:27 2023: Launching appx v.20200427
Tue Dec 26 11:01:27 2023: Launching arpcache v.20200515
Tue Dec 26 11:01:27 2023: Launching attachmgr v.20200525
Tue Dec 26 11:01:27 2023: Launching cached v.20200525
Tue Dec 26 11:01:27 2023: Launching cmdproc v.20200515
Tue Dec 26 11:01:27 2023: Launching comdlg32 v.20200517
Tue Dec 26 11:01:27 2023: Launching compdesc v.20200511
Tue Dec 26 11:01:27 2023: Launching DDO v.20140414
Tue Dec 26 11:01:27 2023: Launching disablemru v.20190924
Tue Dec 26 11:01:28 2023: Launching environment v.20200512
Tue Dec 26 11:01:28 2023: Launching featureusage v.20200511
Tue Dec 26 11:01:28 2023: [*] Launching heidisql v.20201227
Tue Dec 26 11:01:28 2023: [*] Launching iconlayouts v.20211001
Tue Dec 26 11:01:28 2023: Launching identities v.20200525
Tue Dec 26 11:01:28 2023: Launching injectdll64 v.20200427
Tue Dec 26 11:01:28 2023: Launching jumplistdata v.20200517
Tue Dec 26 11:01:28 2023: Launching knowndev v.20200515
Tue Dec 26 11:01:28 2023: Launching listsoft v.20200517
Tue Dec 26 11:01:28 2023: Launching load v.20200517
Tue Dec 26 11:01:28 2023: Launching logonstats v.20200517
Tue Dec 26 11:01:28 2023: Launching lxss v.20200511
Tue Dec 26 11:01:28 2023: Launching mixer v.20200517
Tue Dec 26 11:01:28 2023: Launching mmc v.20200517
Tue Dec 26 11:01:28 2023: Launching mmo v.20200517
Tue Dec 26 11:01:28 2023: Launching mndmru v.20200517
Tue Dec 26 11:01:28 2023: Launching mp2 v.20200526
Tue Dec 26 11:01:28 2023: Launching mpmru v.20200517
Tue Dec 26 11:01:28 2023: Launching  msoffice v.20200518
Tue Dec 26 11:01:28 2023: Launching muicache v.20200525
Tue Dec 26 11:01:28 2023: Launching nation v.20200517
Tue Dec 26 11:01:28 2023: Launching oisc v.20091125
Tue Dec 26 11:01:28 2023: Launching onedrivev.20200515
Tue Dec 26 11:01:28 2023: Launching osversion v.20200511
Tue Dec 26 11:01:28 2023: Launching outlook_homepage v.20201002
Tue Dec 26 11:01:28 2023: Launching pendinggpos v.20200427
Tue Dec 26 11:01:28 2023: Launching profiler v.20200525
Tue Dec 26 11:01:28 2023: Launching pslogging v.20200515
Tue Dec 26 11:01:28 2023: Launching psscript v.20200525
Tue Dec 26 11:01:28 2023: Launching putty v.20200515
Tue Dec 26 11:01:28 2023: Launching recentapps v.20200515
Tue Dec 26 11:01:28 2023: Launching recentdocs v.20200427
Tue Dec 26 11:01:28 2023: Launching run v.20200511
Tue Dec 26 11:01:28 2023: Launching runmru v.20200525
Tue Dec 26 11:01:28 2023: Launching runvirtual v.20200427
Tue Dec 26 11:01:28 2023: Launching searchscopes v.20200517
Tue Dec 26 11:01:28 2023: Launching 7-zip v.20210329
Tue Dec 26 11:01:28 2023: Launching shc v.20200427
Tue Dec 26 11:01:28 2023: Launching shellfolders v.20200515
Tue Dec 26 11:01:28 2023: Launching speech v.20200427
Tue Dec 26 11:01:28 2023: Launching sysinternals v.20080324
Tue Dec 26 11:01:28 2023: Launching tsclient v.20200518
Tue Dec 26 11:01:28 2023: Launching typedpaths v.20200526
Tue Dec 26 11:01:28 2023: Launching typedurls v.20200526
Tue Dec 26 11:01:28 2023: Launching typedurlstime v.20200526
Tue Dec 26 11:01:28 2023: Launching uninstall v.20200525
Tue Dec 26 11:01:28 2023: Launching userassist v.20170204
Tue Dec 26 11:01:28 2023: Launching wc_shares v.20200515
Tue Dec 26 11:01:28 2023: Launching winrar v.20200526
Tue Dec 26 11:01:28 2023: Launching winscp v.20201227
Tue Dec 26 11:01:28 2023: Launching WinZip v.20200526
Tue Dec 26 11:01:28 2023: Launching wordwheelquery v.20200823
